<?xml version="1.0" encoding="UTF-8"?>
<!-- Generated by org.testng.reporters.JUnitXMLReporter -->
<testsuite ignored="0" hostname="LAPTOP-NEO5FTIU" failures="0" tests="3" name="Default test" time="32.695" errors="0" timestamp="2021-12-02T18:20:29 EST">
  <testcase classname="com.test.assignment" name="FacebookLogin" time="0.168"/>
  <testcase classname="com.test.assignment" name="forgotpassword" time="0.83"/>
  <testcase classname="com.test.assignment" name="createAccount" time="7.386"/>
</testsuite> <!-- Default test -->
