<?xml version="1.0" encoding="UTF-8"?>
<testng-results ignored="0" total="3" passed="3" failed="0" skipped="0">
  <reporter-output>
  </reporter-output>
  <suite started-at="2021-12-02T18:19:57 EST" name="Default suite" finished-at="2021-12-02T18:20:29 EST" duration-ms="32695">
    <groups>
    </groups>
    <test started-at="2021-12-02T18:19:57 EST" name="Default test" finished-at="2021-12-02T18:20:29 EST" duration-ms="32695">
      <class name="com.test.assignment">
        <test-method is-config="true" signature="setup()[pri:0, instance:com.test.assignment@770d3326]" started-at="2021-12-02T18:19:57 EST" name="setup" finished-at="2021-12-02T18:19:59 EST" duration-ms="2286" status="PASS">
          <reporter-output>
          </reporter-output>
        </test-method> <!-- setup -->
        <test-method signature="FacebookLogin()[pri:1, instance:com.test.assignment@770d3326]" started-at="2021-12-02T18:19:59 EST" name="FacebookLogin" finished-at="2021-12-02T18:19:59 EST" duration-ms="168" status="PASS">
          <reporter-output>
          </reporter-output>
        </test-method> <!-- FacebookLogin -->
        <test-method is-config="true" signature="teardown()[pri:0, instance:com.test.assignment@770d3326]" started-at="2021-12-02T18:19:59 EST" name="teardown" finished-at="2021-12-02T18:20:05 EST" duration-ms="6176" status="PASS">
          <reporter-output>
          </reporter-output>
        </test-method> <!-- teardown -->
        <test-method is-config="true" signature="setup()[pri:0, instance:com.test.assignment@770d3326]" started-at="2021-12-02T18:20:05 EST" name="setup" finished-at="2021-12-02T18:20:07 EST" duration-ms="1759" status="PASS">
          <reporter-output>
          </reporter-output>
        </test-method> <!-- setup -->
        <test-method signature="forgotpassword()[pri:2, instance:com.test.assignment@770d3326]" started-at="2021-12-02T18:20:07 EST" name="forgotpassword" finished-at="2021-12-02T18:20:08 EST" duration-ms="830" status="PASS">
          <reporter-output>
          </reporter-output>
        </test-method> <!-- forgotpassword -->
        <test-method is-config="true" signature="teardown()[pri:0, instance:com.test.assignment@770d3326]" started-at="2021-12-02T18:20:08 EST" name="teardown" finished-at="2021-12-02T18:20:14 EST" duration-ms="6178" status="PASS">
          <reporter-output>
          </reporter-output>
        </test-method> <!-- teardown -->
        <test-method is-config="true" signature="setup()[pri:0, instance:com.test.assignment@770d3326]" started-at="2021-12-02T18:20:14 EST" name="setup" finished-at="2021-12-02T18:20:16 EST" duration-ms="1700" status="PASS">
          <reporter-output>
          </reporter-output>
        </test-method> <!-- setup -->
        <test-method signature="createAccount()[pri:3, instance:com.test.assignment@770d3326]" started-at="2021-12-02T18:20:16 EST" name="createAccount" finished-at="2021-12-02T18:20:23 EST" duration-ms="7386" status="PASS">
          <reporter-output>
          </reporter-output>
        </test-method> <!-- createAccount -->
        <test-method is-config="true" signature="teardown()[pri:0, instance:com.test.assignment@770d3326]" started-at="2021-12-02T18:20:23 EST" name="teardown" finished-at="2021-12-02T18:20:29 EST" duration-ms="6181" status="PASS">
          <reporter-output>
          </reporter-output>
        </test-method> <!-- teardown -->
      </class> <!-- com.test.assignment -->
    </test> <!-- Default test -->
  </suite> <!-- Default suite -->
</testng-results>
